<?xml version="1.0" encoding="UTF-8"?>
<!-- Generated by org.testng.reporters.JUnitReportReporter -->
<testsuite skipped="0" hostname="hp" name="com.test.concepts.Login_Guru_Parameterization" tests="1" failures="0" timestamp="21 Mar 2020 05:56:43 GMT" time="7.781" errors="0">
  <testcase name="login" time="7.781" classname="com.test.concepts.Login_Guru_Parameterization"/>
</testsuite> <!-- com.test.concepts.Login_Guru_Parameterization -->
