<?xml version="1.0" encoding="UTF-8"?>
<!-- Generated by org.testng.reporters.JUnitReportReporter -->
<testsuite skipped="0" hostname="hp" name="com.test.concepts.Login_Guru_DataProviderConcept" tests="3" failures="0" timestamp="20 Mar 2020 18:10:45 GMT" time="43.814" errors="0">
  <testcase name="login" time="15.442" classname="com.test.concepts.Login_Guru_DataProviderConcept"/>
  <testcase name="login" time="14.107" classname="com.test.concepts.Login_Guru_DataProviderConcept"/>
  <testcase name="login" time="14.265" classname="com.test.concepts.Login_Guru_DataProviderConcept"/>
</testsuite> <!-- com.test.concepts.Login_Guru_DataProviderConcept -->
